agent=Senior SQLite Database Developer2024-07-15 19:20:45: task=Extract data from the database that is required for the answering Given the recent chat history  , Answer the question: {'prompt': 'what is total spend'}..
    Create the queries in such a way that Business analyst can fetch out the information for the query.
    Never query for all the columns from a specific table, only ask for
    the relevant columns given the question.
    Always include the result of the SQL query in your task output2024-07-15 19:20:45: status=started
agent=Senior SQLite Database Developer2024-07-15 19:21:04: task=The total spend is 46868950343.2024-07-15 19:21:04: status=completed
agent=Senior Business Analyst2024-07-15 19:21:04: task=Analyze the data from the database and write an analysis for Given the recent chat history  , Answer the question: {'prompt': 'what is total spend'}.. Always include the Output of the Senior SQLite Database Developer agent in your task output. 
                        The final answer given by you should be to the point.
                        **Before giving any conclusion, first analyze Recent Chat History to answer the query.**2024-07-15 19:21:04: status=started
agent=Senior Business Analyst2024-07-15 19:21:21: task=The total spend, as provided by the database, is $46,868,950,343. Without additional data or context, it's challenging to provide a detailed analysis. For a more comprehensive analysis, data on spend categories, spend dimensions such as supplier, department, product, geography, and financial metrics and KPIs would be required.2024-07-15 19:21:21: status=completed
agent=Senior SQLite Database Developer2024-07-16 17:22:29: task=Extract data from the database that is required for the answering Given the recent chat history  , Answer the question: {'prompt': 'what is the total spend of each supplier'}..
    Create the queries in such a way that Business analyst can fetch out the information for the query.
    Never query for all the columns from a specific table, only ask for
    the relevant columns given the question.
    Always include the result of the SQL query in your task output2024-07-16 17:22:29: status=started
agent=Senior SQLite Database Developer2024-07-16 17:23:21: task=[('ACME Electronics', 1494181925), ('AlloyCraft Manufacturing Co.', 6301307), ('Ampere Associates', 297739540), ('Beta Circuit Boards', 1429575803), ('Bits & Bytes Equipment', 840246344), ('Botanica Warehouse', 1701179243), ('Capacitor Warehouse', 1403753457), ('City Planters', 1853751015), ('Click & Grow', 215795852), ('Cloud Corporation', 455091389), ('Computech Devices', 1835745741), ('Corroded Metals Inc.', 3341000), ('Data Devices Inc.', 1469388962), ('Diode Distribution', 852667416), ('Elite Stainless Supplies', 3347448), ('EliteRoll Industries Inc.', 6733525), ('Farm To Pot', 798073323), ('First Defense Products', 353801093), ('Green Thumb Supplies', 1693350314), ('Indoor Plant Solutions', 405624913), ('Laptops R Us', 781625960), ('Machine Parts Warehouse', 6240304), ('Mechanical Elements Inc.', 3583280), ('MetalWorks Solutions', 3399852), ('Micro Garden Tech', 1095198525), ('Modern Office Supplies', 753574989), ('Modular Farms', 334174426), ('My Office Needs', 384888028), ('Networking Hardware Supplies', 1529791492), ('Office Depot', 1452138542), ('Office EquipCo', 780174580), ('Office Solutions', 1227159794), ('Office Universe', 378332406), ('Ohmco Tech Company', 588146254), ('OptiSteel Technologies Corp.', 6404031), ('PC Globals', 1699365631), ('Positive Charge Incorporated', 190492767), ('Precision Components Ltd.', 6244805), ('Precision Metals Co.', 3284071), ('PrecisionMetals Solutions Ltd.', 6363674), ('Prime Mechanical Supplies', 5722390), ('Prime Steel Alloys', 2374171), ('Print Solutions', 524734433), ('Protective Industrial Products', 1806968016), ('Reliable Life Protection', 140259), ('Reliable Replacement Parts', 5078386), ('Resistor World', 1648829773), ('RustyCraft Steel', 3337963), ('Safe Industrial Solutions', 1193493114), ('SafeGuard Supply Company', 460145702), ('SafePro Equipment Company', 1487764437), ('SecureCorp Safety Gear', 1594278214), ('Server Warehouse', 1335782889), ('Shield Safety Outfitters', 555026429), ('Stainless Producers Inc.', 3860751), ('Staples', 1515512975), ('SteelCraft Industries', 3018310), ('SteelNightmare Industries', 4594780), ('Storage Unlimited', 496429391), ('Substandard Stainless Imports', 4220729), ('Superior Steel Mills', 3767419), ('SupremeAlloys Fabrication Co.', 5499822), ('SureSafe Supplies', 1181338372), ('Trusted Machine Parts', 5509166), ('Trusted Protection Equipment', 346980038), ('Urban Cultivator', 2137312294), ('Vertical Garden Systems', 621970487), ('Voltage Suppliers Ltd.', 793416759), ('Workstation Products Inc.', 771569853)]2024-07-16 17:23:21: status=completed
agent=Senior Business Analyst2024-07-16 17:23:21: task=Analyze the data from the database and write an analysis for Given the recent chat history  , Answer the question: {'prompt': 'what is the total spend of each supplier'}.. Always include the Output of the Senior SQLite Database Developer agent in your task output. 
                        The final answer given by you should be to the point.
                        **Before giving any conclusion, first analyze Recent Chat History to answer the query.**2024-07-16 17:23:21: status=started
agent=Senior Business Analyst2024-07-16 17:24:12: task=Here is the total spend for each supplier:

| Supplier | Total Spend |
| --- | --- |
| ACME Electronics | 1,494,181,925 |
| AlloyCraft Manufacturing Co. | 6,301,307 |
| Ampere Associates | 297,739,540 |
| Beta Circuit Boards | 1,429,575,803 |
| Bits & Bytes Equipment | 840,246,344 |
| Botanica Warehouse | 1,701,179,243 |
| Capacitor Warehouse | 1,403,753,457 |
| City Planters | 1,853,751,015 |
| Click & Grow | 215,795,852 |
| Cloud Corporation | 455,091,389 |
| Computech Devices | 1,835,745,741 |
| Corroded Metals Inc. | 3,341,000 |
| Data Devices Inc. | 1,469,388,962 |
| Diode Distribution | 852,667,416 |
| Elite Stainless Supplies | 3,347,448 |
| EliteRoll Industries Inc. | 6,733,525 |
| Farm To Pot | 798,073,323 |
| First Defense Products | 353,801,093 |
| Green Thumb Supplies | 1,693,350,314 |
| Indoor Plant Solutions | 405,624,913 |
| Laptops R Us | 781,625,960 |
| Machine Parts Warehouse | 6,240,304 |
| Mechanical Elements Inc. | 3,583,280 |
| MetalWorks Solutions | 3,399,852 |
| Micro Garden Tech | 1,095,198,525 |
| Modern Office Supplies | 753,574,989 |
| Modular Farms | 334,174,426 |
| My Office Needs | 384,888,028 |
| Networking Hardware Supplies | 1,529,791,492 |
| Office Depot | 1,452,138,542 |
| Office EquipCo | 780,174,580 |
| Office Solutions | 1,227,159,794 |
| Office Universe | 378,332,406 |
| Ohmco Tech Company | 588,146,254 |
| OptiSteel Technologies Corp. | 6,404,031 |
| PC Globals | 1,699,365,631 |
| Positive Charge Incorporated | 190,492,767 |
| Precision Components Ltd. | 6,244,805 |
| Precision Metals Co. | 3,284,071 |
| PrecisionMetals Solutions Ltd. | 6,363,674 |
| Prime Mechanical Supplies | 5,722,390 |
| Prime Steel Alloys | 2,374,171 |
| Print Solutions | 524,734,433 |
| Protective Industrial Products | 1,806,968,016 |
| Reliable Life Protection | 140,259 |
| Reliable Replacement Parts | 5,078,386 |
| Resistor World | 1,648,829,773 |
| RustyCraft Steel | 3,337,963 |
| Safe Industrial Solutions | 1,193,493,114 |
| SafeGuard Supply Company | 460,145,702 |
| SafePro Equipment Company | 1,487,764,437 |
| SecureCorp Safety Gear | 1,594,278,214 |
| Server Warehouse | 1,335,782,889 |
| Shield Safety Outfitters | 555,026,429 |
| Stainless Producers Inc. | 3,860,751 |
| Staples | 1,515,512,975 |
| SteelCraft Industries | 3,018,310 |
| SteelNightmare Industries | 4,594,780 |
| Storage Unlimited | 496,429,391 |
| Substandard Stainless Imports | 4,220,729 |
| Superior Steel Mills | 3,767,419 |
| SupremeAlloys Fabrication Co. | 5,499,822 |
| SureSafe Supplies | 1,181,338,372 |
| Trusted Machine Parts | 5,509,166 |
| Trusted Protection Equipment | 346,980,038 |
| Urban Cultivator | 2,137,312,294 |
| Vertical Garden Systems | 621,970,487 |
| Voltage Suppliers Ltd. | 793,416,759 |
| Workstation Products Inc. | 771,569,853 |

This table provides a comprehensive view of the total spend for each supplier. It can be used to identify the suppliers with the highest and lowest spend, which can be useful for budgeting and cost optimization strategies.2024-07-16 17:24:12: status=completed
